C:\Program Files\MySQL\MySQL Connector C++ 1.1.1\lib\debug\mysqlcppconn.exp
C:\Program Files\MySQL\MySQL Connector C++ 1.1.1\lib\debug\mysqlcppconn.lib
T:\PROJET CLIMATISEUR\APPLICATION_SINGLEDOC\APPLICATION_SINGLEDOC\DEBUG\_CAMPAGNE.OBJ
T:\PROJET CLIMATISEUR\APPLICATION_SINGLEDOC\APPLICATION_SINGLEDOC\DEBUG\AFFCHAUFFAGE.OBJ
T:\PROJET CLIMATISEUR\APPLICATION_SINGLEDOC\APPLICATION_SINGLEDOC\DEBUG\AFFCOURBES.OBJ
T:\PROJET CLIMATISEUR\APPLICATION_SINGLEDOC\APPLICATION_SINGLEDOC\DEBUG\APPLICATION_SINGLEDOC.EXE.EMBED.MANIFEST
T:\PROJET CLIMATISEUR\APPLICATION_SINGLEDOC\APPLICATION_SINGLEDOC\DEBUG\APPLICATION_SINGLEDOC.EXE.EMBED.MANIFEST.RES
T:\PROJET CLIMATISEUR\APPLICATION_SINGLEDOC\APPLICATION_SINGLEDOC\DEBUG\APPLICATION_SINGLEDOC.EXE.INTERMEDIATE.MANIFEST
T:\PROJET CLIMATISEUR\APPLICATION_SINGLEDOC\APPLICATION_SINGLEDOC\DEBUG\APPLICATION_SINGLEDOC.OBJ
T:\PROJET CLIMATISEUR\APPLICATION_SINGLEDOC\APPLICATION_SINGLEDOC\DEBUG\APPLICATION_SINGLEDOC.PCH
T:\PROJET CLIMATISEUR\APPLICATION_SINGLEDOC\APPLICATION_SINGLEDOC\DEBUG\APPLICATION_SINGLEDOC.RES
T:\Projet Climatiseur\Application_SingleDoc\Application_SingleDoc\Debug\Application_SingleDoc.write.1.tlog
T:\Projet Climatiseur\Application_SingleDoc\Application_SingleDoc\Debug\Application_SingleDoc_manifest.rc
T:\PROJET CLIMATISEUR\APPLICATION_SINGLEDOC\APPLICATION_SINGLEDOC\DEBUG\APPLICATION_SINGLEDOCDOC.OBJ
T:\PROJET CLIMATISEUR\APPLICATION_SINGLEDOC\APPLICATION_SINGLEDOC\DEBUG\APPLICATION_SINGLEDOCVIEW.OBJ
T:\PROJET CLIMATISEUR\APPLICATION_SINGLEDOC\APPLICATION_SINGLEDOC\DEBUG\CHARTAXIS.OBJ
T:\PROJET CLIMATISEUR\APPLICATION_SINGLEDOC\APPLICATION_SINGLEDOC\DEBUG\CHARTAXISLABEL.OBJ
T:\PROJET CLIMATISEUR\APPLICATION_SINGLEDOC\APPLICATION_SINGLEDOC\DEBUG\CHARTBARSERIE.OBJ
T:\PROJET CLIMATISEUR\APPLICATION_SINGLEDOC\APPLICATION_SINGLEDOC\DEBUG\CHARTCANDLESTICKSERIE.OBJ
T:\PROJET CLIMATISEUR\APPLICATION_SINGLEDOC\APPLICATION_SINGLEDOC\DEBUG\CHARTCROSSHAIRCURSOR.OBJ
T:\PROJET CLIMATISEUR\APPLICATION_SINGLEDOC\APPLICATION_SINGLEDOC\DEBUG\CHARTCTRL.OBJ
T:\PROJET CLIMATISEUR\APPLICATION_SINGLEDOC\APPLICATION_SINGLEDOC\DEBUG\CHARTCURSOR.OBJ
T:\PROJET CLIMATISEUR\APPLICATION_SINGLEDOC\APPLICATION_SINGLEDOC\DEBUG\CHARTDATETIMEAXIS.OBJ
T:\PROJET CLIMATISEUR\APPLICATION_SINGLEDOC\APPLICATION_SINGLEDOC\DEBUG\CHARTDRAGLINECURSOR.OBJ
T:\PROJET CLIMATISEUR\APPLICATION_SINGLEDOC\APPLICATION_SINGLEDOC\DEBUG\CHARTFONT.OBJ
T:\PROJET CLIMATISEUR\APPLICATION_SINGLEDOC\APPLICATION_SINGLEDOC\DEBUG\CHARTGANTTSERIE.OBJ
T:\PROJET CLIMATISEUR\APPLICATION_SINGLEDOC\APPLICATION_SINGLEDOC\DEBUG\CHARTGRADIENT.OBJ
T:\PROJET CLIMATISEUR\APPLICATION_SINGLEDOC\APPLICATION_SINGLEDOC\DEBUG\CHARTGRID.OBJ
T:\PROJET CLIMATISEUR\APPLICATION_SINGLEDOC\APPLICATION_SINGLEDOC\DEBUG\CHARTLEGEND.OBJ
T:\PROJET CLIMATISEUR\APPLICATION_SINGLEDOC\APPLICATION_SINGLEDOC\DEBUG\CHARTLINESERIE.OBJ
T:\PROJET CLIMATISEUR\APPLICATION_SINGLEDOC\APPLICATION_SINGLEDOC\DEBUG\CHARTLOGARITHMICAXIS.OBJ
T:\PROJET CLIMATISEUR\APPLICATION_SINGLEDOC\APPLICATION_SINGLEDOC\DEBUG\CHARTPOINTSSERIE.OBJ
T:\PROJET CLIMATISEUR\APPLICATION_SINGLEDOC\APPLICATION_SINGLEDOC\DEBUG\CHARTSCROLLBAR.OBJ
T:\PROJET CLIMATISEUR\APPLICATION_SINGLEDOC\APPLICATION_SINGLEDOC\DEBUG\CHARTSERIE.OBJ
T:\PROJET CLIMATISEUR\APPLICATION_SINGLEDOC\APPLICATION_SINGLEDOC\DEBUG\CHARTSTANDARDAXIS.OBJ
T:\PROJET CLIMATISEUR\APPLICATION_SINGLEDOC\APPLICATION_SINGLEDOC\DEBUG\CHARTSURFACESERIE.OBJ
T:\PROJET CLIMATISEUR\APPLICATION_SINGLEDOC\APPLICATION_SINGLEDOC\DEBUG\CHARTTITLE.OBJ
T:\PROJET CLIMATISEUR\APPLICATION_SINGLEDOC\APPLICATION_SINGLEDOC\DEBUG\CHARTXYSERIE.OBJ
T:\Projet Climatiseur\Application_SingleDoc\Application_SingleDoc\Debug\cl.command.1.tlog
T:\Projet Climatiseur\Application_SingleDoc\Application_SingleDoc\Debug\CL.read.1.tlog
T:\Projet Climatiseur\Application_SingleDoc\Application_SingleDoc\Debug\CL.write.1.tlog
T:\Projet Climatiseur\Application_SingleDoc\Application_SingleDoc\Debug\link.1772.read.1.tlog
T:\Projet Climatiseur\Application_SingleDoc\Application_SingleDoc\Debug\link.1772.write.1.tlog
T:\Projet Climatiseur\Application_SingleDoc\Application_SingleDoc\Debug\link.1772-cvtres.read.1.tlog
T:\Projet Climatiseur\Application_SingleDoc\Application_SingleDoc\Debug\link.1772-cvtres.write.1.tlog
T:\Projet Climatiseur\Application_SingleDoc\Application_SingleDoc\Debug\link.2480.read.1.tlog
T:\Projet Climatiseur\Application_SingleDoc\Application_SingleDoc\Debug\link.2480.write.1.tlog
T:\Projet Climatiseur\Application_SingleDoc\Application_SingleDoc\Debug\link.2480-cvtres.read.1.tlog
T:\Projet Climatiseur\Application_SingleDoc\Application_SingleDoc\Debug\link.2480-cvtres.write.1.tlog
T:\Projet Climatiseur\Application_SingleDoc\Application_SingleDoc\Debug\link.3348.read.1.tlog
T:\Projet Climatiseur\Application_SingleDoc\Application_SingleDoc\Debug\link.3348.write.1.tlog
T:\Projet Climatiseur\Application_SingleDoc\Application_SingleDoc\Debug\link.3348-cvtres.read.1.tlog
T:\Projet Climatiseur\Application_SingleDoc\Application_SingleDoc\Debug\link.3348-cvtres.write.1.tlog
T:\Projet Climatiseur\Application_SingleDoc\Application_SingleDoc\Debug\link.4312.read.1.tlog
T:\Projet Climatiseur\Application_SingleDoc\Application_SingleDoc\Debug\link.4312.write.1.tlog
T:\Projet Climatiseur\Application_SingleDoc\Application_SingleDoc\Debug\link.4312-cvtres.read.1.tlog
T:\Projet Climatiseur\Application_SingleDoc\Application_SingleDoc\Debug\link.4312-cvtres.write.1.tlog
T:\Projet Climatiseur\Application_SingleDoc\Application_SingleDoc\Debug\link.4428.read.1.tlog
T:\Projet Climatiseur\Application_SingleDoc\Application_SingleDoc\Debug\link.4428.write.1.tlog
T:\Projet Climatiseur\Application_SingleDoc\Application_SingleDoc\Debug\link.4428-cvtres.read.1.tlog
T:\Projet Climatiseur\Application_SingleDoc\Application_SingleDoc\Debug\link.4428-cvtres.write.1.tlog
T:\Projet Climatiseur\Application_SingleDoc\Application_SingleDoc\Debug\link.4612.read.1.tlog
T:\Projet Climatiseur\Application_SingleDoc\Application_SingleDoc\Debug\link.4612.write.1.tlog
T:\Projet Climatiseur\Application_SingleDoc\Application_SingleDoc\Debug\link.4612-cvtres.read.1.tlog
T:\Projet Climatiseur\Application_SingleDoc\Application_SingleDoc\Debug\link.4612-cvtres.write.1.tlog
T:\Projet Climatiseur\Application_SingleDoc\Application_SingleDoc\Debug\link.5120.read.1.tlog
T:\Projet Climatiseur\Application_SingleDoc\Application_SingleDoc\Debug\link.5120.write.1.tlog
T:\Projet Climatiseur\Application_SingleDoc\Application_SingleDoc\Debug\link.5120-cvtres.read.1.tlog
T:\Projet Climatiseur\Application_SingleDoc\Application_SingleDoc\Debug\link.5120-cvtres.write.1.tlog
T:\Projet Climatiseur\Application_SingleDoc\Application_SingleDoc\Debug\link.5592.read.1.tlog
T:\Projet Climatiseur\Application_SingleDoc\Application_SingleDoc\Debug\link.5592.write.1.tlog
T:\Projet Climatiseur\Application_SingleDoc\Application_SingleDoc\Debug\link.5592-cvtres.read.1.tlog
T:\Projet Climatiseur\Application_SingleDoc\Application_SingleDoc\Debug\link.5592-cvtres.write.1.tlog
T:\Projet Climatiseur\Application_SingleDoc\Application_SingleDoc\Debug\link.704.read.1.tlog
T:\Projet Climatiseur\Application_SingleDoc\Application_SingleDoc\Debug\link.704.write.1.tlog
T:\Projet Climatiseur\Application_SingleDoc\Application_SingleDoc\Debug\link.7100.read.1.tlog
T:\Projet Climatiseur\Application_SingleDoc\Application_SingleDoc\Debug\link.7100.write.1.tlog
T:\Projet Climatiseur\Application_SingleDoc\Application_SingleDoc\Debug\link.7100-cvtres.read.1.tlog
T:\Projet Climatiseur\Application_SingleDoc\Application_SingleDoc\Debug\link.7100-cvtres.write.1.tlog
T:\Projet Climatiseur\Application_SingleDoc\Application_SingleDoc\Debug\link.828.read.1.tlog
T:\Projet Climatiseur\Application_SingleDoc\Application_SingleDoc\Debug\link.828.write.1.tlog
T:\Projet Climatiseur\Application_SingleDoc\Application_SingleDoc\Debug\link.828-cvtres.read.1.tlog
T:\Projet Climatiseur\Application_SingleDoc\Application_SingleDoc\Debug\link.828-cvtres.write.1.tlog
T:\Projet Climatiseur\Application_SingleDoc\Application_SingleDoc\Debug\link.command.1.tlog
T:\Projet Climatiseur\Application_SingleDoc\Application_SingleDoc\Debug\link.read.1.tlog
T:\Projet Climatiseur\Application_SingleDoc\Application_SingleDoc\Debug\link.write.1.tlog
T:\Projet Climatiseur\Application_SingleDoc\Application_SingleDoc\Debug\link-cvtres.read.1.tlog
T:\Projet Climatiseur\Application_SingleDoc\Application_SingleDoc\Debug\link-cvtres.write.1.tlog
T:\PROJET CLIMATISEUR\APPLICATION_SINGLEDOC\APPLICATION_SINGLEDOC\DEBUG\MAINFRM.OBJ
T:\Projet Climatiseur\Application_SingleDoc\Application_SingleDoc\Debug\mt.command.1.tlog
T:\Projet Climatiseur\Application_SingleDoc\Application_SingleDoc\Debug\mt.read.1.tlog
T:\Projet Climatiseur\Application_SingleDoc\Application_SingleDoc\Debug\mt.write.1.tlog
T:\PROJET CLIMATISEUR\APPLICATION_SINGLEDOC\APPLICATION_SINGLEDOC\DEBUG\PARAMCAMP.OBJ
T:\Projet Climatiseur\Application_SingleDoc\Application_SingleDoc\Debug\rc.command.1.tlog
T:\Projet Climatiseur\Application_SingleDoc\Application_SingleDoc\Debug\rc.read.1.tlog
T:\Projet Climatiseur\Application_SingleDoc\Application_SingleDoc\Debug\rc.write.1.tlog
T:\PROJET CLIMATISEUR\APPLICATION_SINGLEDOC\APPLICATION_SINGLEDOC\DEBUG\SOCKETDLG.OBJ
T:\PROJET CLIMATISEUR\APPLICATION_SINGLEDOC\APPLICATION_SINGLEDOC\DEBUG\STDAFX.OBJ
T:\Projet Climatiseur\Application_SingleDoc\Application_SingleDoc\Debug\vc100.idb
T:\PROJET CLIMATISEUR\APPLICATION_SINGLEDOC\APPLICATION_SINGLEDOC\DEBUG\VC100.PDB
T:\PROJET CLIMATISEUR\APPLICATION_SINGLEDOC\DEBUG\APPLICATION_SINGLEDOC.EXE
T:\PROJET CLIMATISEUR\APPLICATION_SINGLEDOC\DEBUG\APPLICATION_SINGLEDOC.ILK
T:\PROJET CLIMATISEUR\APPLICATION_SINGLEDOC\DEBUG\APPLICATION_SINGLEDOC.PDB
